<?xml version="1.0" encoding="UTF-8"?>
<!-- Generated by org.testng.reporters.JUnitXMLReporter -->
<testsuite hostname="DESKTOP-DB7IQK8" ignored="0" name="Default test" tests="3" failures="0" timestamp="13 jul 2018 17:44:28 GMT" time="15.811" errors="0">
  <testcase name="verificarNomeTest" time="0.468" classname="br.com.treinaweb.selenium.tests.CadastroUsuarioTest"/>
  <testcase name="verificarEmailsDiferentesTest" time="0.454" classname="br.com.treinaweb.selenium.tests.CadastroUsuarioTest"/>
  <testcase name="verificarUsuarioPreenchidoTest" time="1.11" classname="br.com.treinaweb.selenium.tests.CadastroUsuarioTest"/>
</testsuite> <!-- Default test -->
