<?xml version="1.0" encoding="UTF-8"?>
<!-- Generated by org.testng.reporters.JUnitXMLReporter -->
<testsuite hostname="DESKTOP-DB7IQK8" ignored="0" name="Default test" tests="2" failures="0" timestamp="12 jul 2018 21:29:02 GMT" time="19.553" errors="0">
  <testcase name="verificarEmailsDiferentesTest" time="0.624" classname="br.com.treinaweb.selenium.tests.CadastroUsuarioTest"/>
  <testcase name="verificarNomeTest" time="0.378" classname="br.com.treinaweb.selenium.tests.CadastroUsuarioTest"/>
</testsuite> <!-- Default test -->
