<?xml version="1.0" encoding="UTF-8"?>
<!-- Generated by org.testng.reporters.JUnitXMLReporter -->
<testsuite hostname="DESKTOP-DB7IQK8" ignored="0" name="Pagina de cadastro de usuarios" tests="4" failures="0" timestamp="13 jul 2018 18:48:55 GMT" time="30.463" errors="0">
  <testcase name="verificarUsuarioPreenchidoTest" time="1.171" classname="br.com.treinaweb.selenium.tests.CadastroUsuarioTest"/>
  <testcase name="verificarNomeTest" time="0.447" classname="br.com.treinaweb.selenium.tests.CadastroUsuarioTest"/>
  <testcase name="verificarEmailsDiferentesTest" time="0.485" classname="br.com.treinaweb.selenium.tests.CadastroUsuarioTest"/>
  <testcase name="testUpload" time="1.647" classname="br.com.treinaweb.selenium.tests.UploadTest"/>
</testsuite> <!-- Pagina de cadastro de usuarios -->
