<?xml version="1.0" encoding="UTF-8"?>
<testng-results skipped="0" failed="0" ignored="0" total="1" passed="1">
  <reporter-output>
  </reporter-output>
  <suite name="Default suite" duration-ms="15600" started-at="2018-07-13T18:27:09Z" finished-at="2018-07-13T18:27:25Z">
    <groups>
    </groups>
    <test name="Default test" duration-ms="15600" started-at="2018-07-13T18:27:09Z" finished-at="2018-07-13T18:27:25Z">
      <class name="br.com.treinaweb.selenium.tests.UploadTest">
        <test-method status="PASS" signature="setUp()[pri:0, instance:br.com.treinaweb.selenium.tests.UploadTest@3bfdc050]" name="setUp" is-config="true" duration-ms="9076" started-at="2018-07-13T18:27:09Z" finished-at="2018-07-13T18:27:18Z">
          <reporter-output>
          </reporter-output>
        </test-method> <!-- setUp -->
        <test-method status="PASS" signature="setupPage()[pri:0, instance:br.com.treinaweb.selenium.tests.UploadTest@3bfdc050]" name="setupPage" is-config="true" duration-ms="3148" started-at="2018-07-13T18:27:18Z" finished-at="2018-07-13T18:27:21Z">
          <reporter-output>
          </reporter-output>
        </test-method> <!-- setupPage -->
        <test-method status="PASS" signature="testUpload()[pri:0, instance:br.com.treinaweb.selenium.tests.UploadTest@3bfdc050]" name="testUpload" duration-ms="1669" started-at="2018-07-13T18:27:21Z" finished-at="2018-07-13T18:27:23Z">
          <reporter-output>
          </reporter-output>
        </test-method> <!-- testUpload -->
        <test-method status="PASS" signature="tearDown()[pri:0, instance:br.com.treinaweb.selenium.tests.UploadTest@3bfdc050]" name="tearDown" is-config="true" duration-ms="1685" started-at="2018-07-13T18:27:23Z" finished-at="2018-07-13T18:27:25Z">
          <reporter-output>
          </reporter-output>
        </test-method> <!-- tearDown -->
      </class> <!-- br.com.treinaweb.selenium.tests.UploadTest -->
    </test> <!-- Default test -->
  </suite> <!-- Default suite -->
</testng-results>
