<?xml version="1.0" encoding="UTF-8"?>
<testng-results skipped="0" failed="0" ignored="0" total="2" passed="2">
  <reporter-output>
  </reporter-output>
  <suite name="Default suite" duration-ms="22350" started-at="2018-07-12T21:31:04Z" finished-at="2018-07-12T21:31:27Z">
    <groups>
    </groups>
    <test name="Default test" duration-ms="22350" started-at="2018-07-12T21:31:04Z" finished-at="2018-07-12T21:31:27Z">
      <class name="br.com.treinaweb.selenium.tests.CadastroUsuarioTest">
        <test-method status="PASS" signature="setUp()[pri:0, instance:br.com.treinaweb.selenium.tests.CadastroUsuarioTest@3bfdc050]" name="setUp" is-config="true" duration-ms="11814" started-at="2018-07-12T21:31:04Z" finished-at="2018-07-12T21:31:16Z">
          <reporter-output>
          </reporter-output>
        </test-method> <!-- setUp -->
        <test-method status="PASS" signature="setupPage()[pri:0, instance:br.com.treinaweb.selenium.tests.CadastroUsuarioTest@3bfdc050]" name="setupPage" is-config="true" duration-ms="7329" started-at="2018-07-12T21:31:16Z" finished-at="2018-07-12T21:31:24Z">
          <reporter-output>
          </reporter-output>
        </test-method> <!-- setupPage -->
        <test-method status="PASS" signature="verificarNomeTest()[pri:1, instance:br.com.treinaweb.selenium.tests.CadastroUsuarioTest@3bfdc050]" name="verificarNomeTest" duration-ms="460" started-at="2018-07-12T21:31:24Z" finished-at="2018-07-12T21:31:24Z">
          <reporter-output>
          </reporter-output>
        </test-method> <!-- verificarNomeTest -->
        <test-method status="PASS" signature="setupPage()[pri:0, instance:br.com.treinaweb.selenium.tests.CadastroUsuarioTest@3bfdc050]" name="setupPage" is-config="true" duration-ms="105" started-at="2018-07-12T21:31:24Z" finished-at="2018-07-12T21:31:24Z">
          <reporter-output>
          </reporter-output>
        </test-method> <!-- setupPage -->
        <test-method status="PASS" signature="verificarEmailsDiferentesTest()[pri:2, instance:br.com.treinaweb.selenium.tests.CadastroUsuarioTest@3bfdc050]" name="verificarEmailsDiferentesTest" duration-ms="623" started-at="2018-07-12T21:31:24Z" finished-at="2018-07-12T21:31:25Z">
          <reporter-output>
          </reporter-output>
        </test-method> <!-- verificarEmailsDiferentesTest -->
        <test-method status="PASS" signature="tearDown()[pri:0, instance:br.com.treinaweb.selenium.tests.CadastroUsuarioTest@3bfdc050]" name="tearDown" is-config="true" duration-ms="1975" started-at="2018-07-12T21:31:25Z" finished-at="2018-07-12T21:31:27Z">
          <reporter-output>
          </reporter-output>
        </test-method> <!-- tearDown -->
      </class> <!-- br.com.treinaweb.selenium.tests.CadastroUsuarioTest -->
    </test> <!-- Default test -->
  </suite> <!-- Default suite -->
</testng-results>
